wearable/build/intermediates/manifest_merge_blame_file/debug/manifest-merger-blame-debug-report.txt
1<?xml version="1.0" encoding="utf-8"?>
2<manifest xmlns:android="http://schemas.android.com/apk/res/android"
3    package="com.example.wearosapp"
4    android:versionCode="1"
5    android:versionName="1.0" >
6
7    <uses-sdk
8        android:minSdkVersion="25"
8-->src\main\AndroidManifest.xml
9        android:targetSdkVersion="25" />
9-->src\main\AndroidManifest.xml
10
11    <uses-permission android:name="android.permission.BLUETOOTH_CONNECT" />
11-->src\main\AndroidManifest.xml:5:5-76
11-->src\main\AndroidManifest.xml:5:22-73
12    <uses-permission android:name="android.permission.BLUETOOTH_SCAN" />
12-->src\main\AndroidManifest.xml:6:5-73
12-->src\main\AndroidManifest.xml:6:22-70
13    <uses-permission android:name="android.permission.WAKE_LOCK" />
13-->src\main\AndroidManifest.xml:7:5-68
13-->src\main\AndroidManifest.xml:7:22-65
14    <uses-permission android:name="android.permission.BLUETOOTH" />
14-->src\main\AndroidManifest.xml:8:5-68
14-->src\main\AndroidManifest.xml:8:22-65
15    <uses-permission android:name="android.permission.BLUETOOTH_ADMIN" />
15-->src\main\AndroidManifest.xml:9:5-74
15-->src\main\AndroidManifest.xml:9:22-71
16    <uses-permission android:name="android.permission.ACCESS_COARSE_LOCATION" />
16-->src\main\AndroidManifest.xml:10:5-81
16-->src\main\AndroidManifest.xml:10:22-78
17    <uses-permission android:name="android.permission.ACCESS_FINE_LOCATION" />
17-->src\main\AndroidManifest.xml:11:5-78
17-->src\main\AndroidManifest.xml:11:22-76
18
19    <uses-feature android:name="android.hardware.type.watch" />
19-->src\main\AndroidManifest.xml:12:5-64
19-->src\main\AndroidManifest.xml:12:19-61
20
21    <application
21-->src\main\AndroidManifest.xml:14:5-41:19
22        android:allowBackup="true"
22-->src\main\AndroidManifest.xml:15:9-35
23        android:appComponentFactory="androidx.core.app.CoreComponentFactory"
23-->[androidx.core:core:1.7.0] AndroidManifest.xml:24:18-86
24        android:debuggable="true"
25        android:extractNativeLibs="false"
26        android:icon="@mipmap/ic_launcher"
26-->src\main\AndroidManifest.xml:16:9-43
27        android:label="@string/app_name"
27-->src\main\AndroidManifest.xml:17:9-41
28        android:supportsRtl="true"
28-->src\main\AndroidManifest.xml:18:9-35
29        android:theme="@android:style/Theme.DeviceDefault" >
29-->src\main\AndroidManifest.xml:19:9-59
30        <uses-library
30-->src\main\AndroidManifest.xml:20:9-22:39
31            android:name="com.google.android.wearable"
31-->src\main\AndroidManifest.xml:21:13-55
32            android:required="true" />
32-->src\main\AndroidManifest.xml:22:13-36
33
34        <!--
35               Set to true if your app is Standalone, that is, it does not require the handheld
36               app to run.
37        -->
38        <meta-data
38-->src\main\AndroidManifest.xml:28:9-30:36
39            android:name="com.google.android.wearable.standalone"
39-->src\main\AndroidManifest.xml:29:13-66
40            android:value="true" />
40-->src\main\AndroidManifest.xml:30:13-33
41
42        <activity
42-->src\main\AndroidManifest.xml:32:9-40:20
43            android:name="com.example.wearosapp.MainActivity"
43-->src\main\AndroidManifest.xml:33:13-41
44            android:exported="true" >
44-->src\main\AndroidManifest.xml:34:13-36
45            <intent-filter>
45-->src\main\AndroidManifest.xml:35:13-39:29
46                <action android:name="android.intent.action.MAIN" />
46-->src\main\AndroidManifest.xml:36:17-69
46-->src\main\AndroidManifest.xml:36:25-66
47
48                <category android:name="android.intent.category.LAUNCHER" />
48-->src\main\AndroidManifest.xml:38:17-77
48-->src\main\AndroidManifest.xml:38:27-74
49            </intent-filter>
50        </activity>
51        <activity
51-->[com.google.android.gms:play-services-base:17.5.0] AndroidManifest.xml:23:9-26:75
52            android:name="com.google.android.gms.common.api.GoogleApiActivity"
52-->[com.google.android.gms:play-services-base:17.5.0] AndroidManifest.xml:24:13-79
53            android:exported="false"
53-->[com.google.android.gms:play-services-base:17.5.0] AndroidManifest.xml:25:13-37
54            android:theme="@android:style/Theme.Translucent.NoTitleBar" />
54-->[com.google.android.gms:play-services-base:17.5.0] AndroidManifest.xml:26:13-72
55
56        <meta-data
56-->[com.google.android.gms:play-services-basement:17.5.0] AndroidManifest.xml:23:9-25:69
57            android:name="com.google.android.gms.version"
57-->[com.google.android.gms:play-services-basement:17.5.0] AndroidManifest.xml:24:13-58
58            android:value="@integer/google_play_services_version" />
58-->[com.google.android.gms:play-services-basement:17.5.0] AndroidManifest.xml:25:13-66
59    </application>
60
61</manifest>